<?xml version="1.0" encoding="UTF-8"?>
<!-- Generated by org.testng.reporters.JUnitXMLReporter -->
<testsuite hostname="LAPTOP-2LB9IMSM" ignored="0" name="Command line test" tests="6" failures="0" timestamp="04 Oct 2021 20:17:57 GMT" time="0.035" errors="0">
  <testcase name="IosApps" time="0.005" classname="test.java.qaclickacademy.AppiumTest"/>
  <testcase name="NativeappAndroid" time="0.0" classname="test.java.qaclickacademy.AppiumTest"/>
  <testcase name="deleteTwitter" time="0.001" classname="test.java.qaclickacademy.RestassuredAPITest"/>
  <testcase name="postjira" time="0.0" classname="test.java.qaclickacademy.RestassuredAPITest"/>
  <testcase name="BrowserAutomation" time="0.001" classname="test.java.qaclickacademy.SeleniumTest"/>
  <testcase name="ElementUi" time="0.0" classname="test.java.qaclickacademy.SeleniumTest"/>
</testsuite> <!-- Command line test -->
