<?xml version="1.0" encoding="UTF-8"?>
<!-- Generated by org.testng.reporters.JUnitXMLReporter -->
<testsuite ignored="0" hostname="LAPTOP-2LB9IMSM" failures="0" tests="4" name="Test" time="0.031" errors="0" timestamp="03 Oct 2021 15:01:01 GMT">
  <testcase classname="test.java.qaclickacademy.SeleniumTest" name="BrowserAutomation" time="0.007"/>
  <testcase classname="test.java.qaclickacademy.SeleniumTest" name="ElementUi" time="0.0"/>
  <testcase classname="test.java.qaclickacademy.RestassuredAPITest" name="deleteTwitter" time="0.0"/>
  <testcase classname="test.java.qaclickacademy.RestassuredAPITest" name="postjira" time="0.001"/>
</testsuite> <!-- Test -->
