<?xml version="1.0" encoding="UTF-8"?>
<testsuite xmlns:xsi="http://www.w3.org/2001/XMLSchema-instance" xsi:noNamespaceSchemaLocation="https://maven.apache.org/surefire/maven-surefire-plugin/xsd/surefire-test-report.xsd" name="test.java.qaclickacademy.AppiumTest" time="0.596" tests="2" errors="0" skipped="0" failures="0">
  <properties>
[...]
</properties>
  <testcase name="IosApps" classname="test.java.qaclickacademy.AppiumTest" time="0.013"/>
  <testcase name="NativeappAndroid" classname="test.java.qaclickacademy.AppiumTest" time="0.001"/>
</testsuite>