<?xml version="1.0" encoding="UTF-8"?>
<testng-results skipped="0" failed="0" ignored="0" total="6" passed="6">
  <reporter-output>
  </reporter-output>
  <suite name="Command line suite" duration-ms="35" started-at="2021-10-04T20:17:57Z" finished-at="2021-10-04T20:17:57Z">
    <groups>
    </groups>
    <test name="Command line test" duration-ms="35" started-at="2021-10-04T20:17:57Z" finished-at="2021-10-04T20:17:57Z">
      <class name="test.java.qaclickacademy.RestassuredAPITest">
        <test-method status="PASS" signature="deleteTwitter()[pri:0, instance:test.java.qaclickacademy.RestassuredAPITest@5315b42e]" name="deleteTwitter" duration-ms="1" started-at="2021-10-04T20:17:57Z" finished-at="2021-10-04T20:17:57Z">
          <reporter-output>
          </reporter-output>
        </test-method> <!-- deleteTwitter -->
        <test-method status="PASS" signature="postjira()[pri:0, instance:test.java.qaclickacademy.RestassuredAPITest@5315b42e]" name="postjira" duration-ms="0" started-at="2021-10-04T20:17:57Z" finished-at="2021-10-04T20:17:57Z">
          <reporter-output>
          </reporter-output>
        </test-method> <!-- postjira -->
      </class> <!-- test.java.qaclickacademy.RestassuredAPITest -->
      <class name="test.java.qaclickacademy.SeleniumTest">
        <test-method status="PASS" signature="BrowserAutomation()[pri:0, instance:test.java.qaclickacademy.SeleniumTest@2ef9b8bc]" name="BrowserAutomation" duration-ms="1" started-at="2021-10-04T20:17:57Z" finished-at="2021-10-04T20:17:57Z">
          <reporter-output>
          </reporter-output>
        </test-method> <!-- BrowserAutomation -->
        <test-method status="PASS" signature="ElementUi()[pri:0, instance:test.java.qaclickacademy.SeleniumTest@2ef9b8bc]" name="ElementUi" duration-ms="0" started-at="2021-10-04T20:17:57Z" finished-at="2021-10-04T20:17:57Z">
          <reporter-output>
          </reporter-output>
        </test-method> <!-- ElementUi -->
      </class> <!-- test.java.qaclickacademy.SeleniumTest -->
      <class name="test.java.qaclickacademy.AppiumTest">
        <test-method status="PASS" signature="IosApps()[pri:0, instance:test.java.qaclickacademy.AppiumTest@62043840]" name="IosApps" duration-ms="5" started-at="2021-10-04T20:17:57Z" finished-at="2021-10-04T20:17:57Z">
          <reporter-output>
          </reporter-output>
        </test-method> <!-- IosApps -->
        <test-method status="PASS" signature="NativeappAndroid()[pri:0, instance:test.java.qaclickacademy.AppiumTest@62043840]" name="NativeappAndroid" duration-ms="0" started-at="2021-10-04T20:17:57Z" finished-at="2021-10-04T20:17:57Z">
          <reporter-output>
          </reporter-output>
        </test-method> <!-- NativeappAndroid -->
      </class> <!-- test.java.qaclickacademy.AppiumTest -->
    </test> <!-- Command line test -->
  </suite> <!-- Command line suite -->
</testng-results>
